app/build/outputs/logs/manifest-merger-debug-report.txt
-- Merging decision tree log ---
manifest
ADDED from src/main/AndroidManifest.xml:22:1-3151:12
	package
		ADDED from src/main/AndroidManifest.xml:23:5-39
		INJECTED from src/main/AndroidManifest.xml
		INJECTED from src/main/AndroidManifest.xml
	xmlns:android
		ADDED from src/main/AndroidManifest.xml:22:11-69
uses-permission#android.permission.READ_CONTACTS
ADDED from src/main/AndroidManifest.xml:25:5-72
	android:name
		ADDED from src/main/AndroidManifest.xml:25:22-69
uses-permission#android.permission.WRITE_CONTACTS
ADDED from src/main/AndroidManifest.xml:26:5-73
	android:name
		ADDED from src/main/AndroidManifest.xml:26:22-70
uses-permission#android.permission.VIBRATE
ADDED from src/main/AndroidManifest.xml:27:5-66
	android:name
		ADDED from src/main/AndroidManifest.xml:27:22-63
uses-permission#android.permission.ACCESS_COARSE_LOCATION
ADDED from src/main/AndroidManifest.xml:28:5-81
	android:name
		ADDED from src/main/AndroidManifest.xml:28:22-78
uses-permission#android.permission.INTERNET
ADDED from src/main/AndroidManifest.xml:29:5-67
	android:name
		ADDED from src/main/AndroidManifest.xml:29:22-64
uses-permission#android.permission.SET_WALLPAPER
ADDED from src/main/AndroidManifest.xml:30:5-72
	android:name
		ADDED from src/main/AndroidManifest.xml:30:22-69
uses-permission#android.permission.WRITE_EXTERNAL_STORAGE
ADDED from src/main/AndroidManifest.xml:31:5-81
	android:name
		ADDED from src/main/AndroidManifest.xml:31:22-78
uses-permission#android.permission.SEND_SMS
ADDED from src/main/AndroidManifest.xml:32:5-67
	android:name
		ADDED from src/main/AndroidManifest.xml:32:22-64
uses-permission#android.permission.RECEIVE_SMS
ADDED from src/main/AndroidManifest.xml:33:5-70
	android:name
		ADDED from src/main/AndroidManifest.xml:33:22-67
uses-permission#android.permission.RECEIVE_MMS
ADDED from src/main/AndroidManifest.xml:34:5-69
	android:name
		ADDED from src/main/AndroidManifest.xml:34:22-67
uses-permission#android.permission.WRITE_SMS
ADDED from src/main/AndroidManifest.xml:35:5-67
	android:name
		ADDED from src/main/AndroidManifest.xml:35:22-65
uses-permission#android.permission.READ_SMS
ADDED from src/main/AndroidManifest.xml:36:5-66
	android:name
		ADDED from src/main/AndroidManifest.xml:36:22-64
uses-permission#android.permission.NFC
ADDED from src/main/AndroidManifest.xml:37:5-62
	android:name
		ADDED from src/main/AndroidManifest.xml:37:22-59
uses-permission#android.permission.TRANSMIT_IR
ADDED from src/main/AndroidManifest.xml:38:5-70
	android:name
		ADDED from src/main/AndroidManifest.xml:38:22-67
uses-permission#android.permission.READ_PHONE_STATE
ADDED from src/main/AndroidManifest.xml:39:5-74
	android:name
		ADDED from src/main/AndroidManifest.xml:39:22-72
uses-permission#android.permission.RECORD_AUDIO
ADDED from src/main/AndroidManifest.xml:42:5-71
	android:name
		ADDED from src/main/AndroidManifest.xml:42:22-68
uses-permission#android.permission.CAMERA
ADDED from src/main/AndroidManifest.xml:46:5-65
	android:name
		ADDED from src/main/AndroidManifest.xml:46:22-62
uses-feature#android.hardware.camera
ADDED from src/main/AndroidManifest.xml:47:5-60
	android:name
		ADDED from src/main/AndroidManifest.xml:47:19-57
uses-feature#android.hardware.camera.autofocus
ADDED from src/main/AndroidManifest.xml:48:5-95
	android:required
		ADDED from src/main/AndroidManifest.xml:48:68-92
	android:name
		ADDED from src/main/AndroidManifest.xml:48:19-67
application
ADDED from src/main/AndroidManifest.xml:50:5-3145:19
	android:label
		ADDED from src/main/AndroidManifest.xml:51:13-57
	android:supportsRtl
		ADDED from src/main/AndroidManifest.xml:54:13-39
	android:hardwareAccelerated
		ADDED from src/main/AndroidManifest.xml:53:13-47
	android:icon
		ADDED from src/main/AndroidManifest.xml:52:13-53
	android:name
		ADDED from src/main/AndroidManifest.xml:50:18-52
uses-library#com.example.will.never.exist
ADDED from src/main/AndroidManifest.xml:58:9-94
	android:required
		ADDED from src/main/AndroidManifest.xml:58:67-91
	android:name
		ADDED from src/main/AndroidManifest.xml:58:23-66
activity#com.example.android.apis.ApiDemos
ADDED from src/main/AndroidManifest.xml:60:9-66:20
	android:name
		ADDED from src/main/AndroidManifest.xml:60:19-42
intent-filter#android.intent.action.MAIN+android.intent.category.DEFAULT+android.intent.category.LAUNCHER
ADDED from src/main/AndroidManifest.xml:61:13-65:29
action#android.intent.action.MAIN
ADDED from src/main/AndroidManifest.xml:62:17-69
	android:name
		ADDED from src/main/AndroidManifest.xml:62:25-66
category#android.intent.category.DEFAULT
ADDED from src/main/AndroidManifest.xml:63:17-76
	android:name
		ADDED from src/main/AndroidManifest.xml:63:27-73
category#android.intent.category.LAUNCHER
ADDED from src/main/AndroidManifest.xml:64:17-77
	android:name
		ADDED from src/main/AndroidManifest.xml:64:27-74
activity#com.example.android.apis.app.HelloWorld
ADDED from src/main/AndroidManifest.xml:74:9-79:20
	android:label
		ADDED from src/main/AndroidManifest.xml:74:50-94
	android:name
		ADDED from src/main/AndroidManifest.xml:74:19-49
intent-filter#android.intent.action.MAIN+android.intent.category.SAMPLE_CODE
ADDED from src/main/AndroidManifest.xml:75:13-78:29
category#android.intent.category.SAMPLE_CODE
ADDED from src/main/AndroidManifest.xml:77:17-80
	android:name
		ADDED from src/main/AndroidManifest.xml:77:27-77
activity#com.example.android.apis.app.DialogActivity
ADDED from src/main/AndroidManifest.xml:81:9-88:20
	android:label
		ADDED from src/main/AndroidManifest.xml:82:17-56
	android:theme
		ADDED from src/main/AndroidManifest.xml:83:17-58
	android:name
		ADDED from src/main/AndroidManifest.xml:81:19-53
activity#com.example.android.apis.app.CustomDialogActivity
ADDED from src/main/AndroidManifest.xml:90:9-97:20
	android:label
		ADDED from src/main/AndroidManifest.xml:91:17-63
	android:theme
		ADDED from src/main/AndroidManifest.xml:92:17-58
	android:name
		ADDED from src/main/AndroidManifest.xml:90:19-59
activity#com.example.android.apis.app.OverscanActivity
ADDED from src/main/AndroidManifest.xml:99:9-107:20
	android:enabled
		ADDED from src/main/AndroidManifest.xml:102:17-60
	android:label
		ADDED from src/main/AndroidManifest.xml:100:17-58
	android:theme
		ADDED from src/main/AndroidManifest.xml:101:17-79
	android:name
		ADDED from src/main/AndroidManifest.xml:99:19-55
activity#com.example.android.apis.app.QuickContactsDemo
ADDED from src/main/AndroidManifest.xml:109:8-115:20
	android:label
		ADDED from src/main/AndroidManifest.xml:110:17-60
	android:name
		ADDED from src/main/AndroidManifest.xml:109:18-55
activity#com.example.android.apis.app.WallpaperActivity
ADDED from src/main/AndroidManifest.xml:117:9-124:20
	android:label
		ADDED from src/main/AndroidManifest.xml:118:17-59
	android:theme
		ADDED from src/main/AndroidManifest.xml:119:17-55
	android:name
		ADDED from src/main/AndroidManifest.xml:117:19-56
activity#com.example.android.apis.app.TranslucentActivity
ADDED from src/main/AndroidManifest.xml:126:9-133:20
	android:label
		ADDED from src/main/AndroidManifest.xml:127:17-61
	android:theme
		ADDED from src/main/AndroidManifest.xml:128:17-57
	android:name
		ADDED from src/main/AndroidManifest.xml:126:19-58
activity#com.example.android.apis.app.TranslucentBlurActivity
ADDED from src/main/AndroidManifest.xml:135:9-142:20
	android:label
		ADDED from src/main/AndroidManifest.xml:136:17-66
	android:theme
		ADDED from src/main/AndroidManifest.xml:137:17-57
	android:name
		ADDED from src/main/AndroidManifest.xml:135:19-62
activity#com.example.android.apis.app.Animation
ADDED from src/main/AndroidManifest.xml:144:9-149:20
	android:label
		ADDED from src/main/AndroidManifest.xml:144:49-91
	android:name
		ADDED from src/main/AndroidManifest.xml:144:19-48
activity#com.example.android.apis.app.SaveRestoreState
ADDED from src/main/AndroidManifest.xml:151:9-158:20
	android:label
		ADDED from src/main/AndroidManifest.xml:152:17-62
	android:windowSoftInputMode
		ADDED from src/main/AndroidManifest.xml:153:17-72
	android:name
		ADDED from src/main/AndroidManifest.xml:151:19-55
activity#com.example.android.apis.app.PersistentState
ADDED from src/main/AndroidManifest.xml:160:9-167:20
	android:label
		ADDED from src/main/AndroidManifest.xml:161:17-60
	android:windowSoftInputMode
		ADDED from src/main/AndroidManifest.xml:162:17-72
	android:name
		ADDED from src/main/AndroidManifest.xml:160:19-54
activity#com.example.android.apis.app.ActivityRecreate
ADDED from src/main/AndroidManifest.xml:169:9-176:20
	android:enabled
		ADDED from src/main/AndroidManifest.xml:171:17-57
	android:label
		ADDED from src/main/AndroidManifest.xml:170:17-58
	android:name
		ADDED from src/main/AndroidManifest.xml:169:19-55
activity#com.example.android.apis.app.FinishAffinity
ADDED from src/main/AndroidManifest.xml:178:9-186:20
	android:enabled
		ADDED from src/main/AndroidManifest.xml:181:17-57
	android:label
		ADDED from src/main/AndroidManifest.xml:179:17-65
	android:taskAffinity
		ADDED from src/main/AndroidManifest.xml:180:17-50
	android:name
		ADDED from src/main/AndroidManifest.xml:178:19-53
activity#com.example.android.apis.app.SoftInputModes
ADDED from src/main/AndroidManifest.xml:188:9-194:20
	android:label
		ADDED from src/main/AndroidManifest.xml:189:17-57
	android:name
		ADDED from src/main/AndroidManifest.xml:188:19-53
activity#com.example.android.apis.app.ReceiveResult
ADDED from src/main/AndroidManifest.xml:196:9-201:20
	android:label
		ADDED from src/main/AndroidManifest.xml:196:53-100
	android:name
		ADDED from src/main/AndroidManifest.xml:196:19-52
activity#com.example.android.apis.app.SendResult
ADDED from src/main/AndroidManifest.xml:203:9-205:20
	android:theme
		ADDED from src/main/AndroidManifest.xml:204:17-60
	android:name
		ADDED from src/main/AndroidManifest.xml:203:19-49
activity#com.example.android.apis.app.Forwarding
ADDED from src/main/AndroidManifest.xml:207:9-212:20
	android:label
		ADDED from src/main/AndroidManifest.xml:207:50-93
	android:name
		ADDED from src/main/AndroidManifest.xml:207:19-49
activity#com.example.android.apis.app.ForwardTarget
ADDED from src/main/AndroidManifest.xml:214:9-215:20
	android:name
		ADDED from src/main/AndroidManifest.xml:214:19-52
activity#com.example.android.apis.app.RedirectEnter
ADDED from src/main/AndroidManifest.xml:217:9-222:20
	android:label
		ADDED from src/main/AndroidManifest.xml:217:53-94
	android:name
		ADDED from src/main/AndroidManifest.xml:217:19-52
activity#com.example.android.apis.app.RedirectMain
ADDED from src/main/AndroidManifest.xml:224:9-225:20
	android:name
		ADDED from src/main/AndroidManifest.xml:224:19-51
activity#com.example.android.apis.app.RedirectGetter
ADDED from src/main/AndroidManifest.xml:227:9-228:20
	android:name
		ADDED from src/main/AndroidManifest.xml:227:19-53
activity#com.example.android.apis.app.CustomTitle
ADDED from src/main/AndroidManifest.xml:232:9-240:20
	android:label
		ADDED from src/main/AndroidManifest.xml:233:17-62
	android:windowSoftInputMode
		ADDED from src/main/AndroidManifest.xml:234:17-69
	android:theme
		ADDED from src/main/AndroidManifest.xml:235:17-53
	android:name
		ADDED from src/main/AndroidManifest.xml:232:19-50
activity#com.example.android.apis.app.ReorderOnLaunch
ADDED from src/main/AndroidManifest.xml:242:9-248:20
	android:label
		ADDED from src/main/AndroidManifest.xml:243:17-57
	android:name
		ADDED from src/main/AndroidManifest.xml:242:19-54
activity#com.example.android.apis.app.RotationAnimation
ADDED from src/main/AndroidManifest.xml:250:9-256:20
	android:label
		ADDED from src/main/AndroidManifest.xml:251:17-68
	android:name
		ADDED from src/main/AndroidManifest.xml:250:19-56
activity#com.example.android.apis.app.ReorderTwo
ADDED from src/main/AndroidManifest.xml:258:9-52
	android:name
		ADDED from src/main/AndroidManifest.xml:258:19-49
activity#com.example.android.apis.app.ReorderThree
ADDED from src/main/AndroidManifest.xml:259:9-54
	android:name
		ADDED from src/main/AndroidManifest.xml:259:19-51
activity#com.example.android.apis.app.ReorderFour
ADDED from src/main/AndroidManifest.xml:260:9-53
	android:name
		ADDED from src/main/AndroidManifest.xml:260:19-50
activity#com.example.android.apis.app.SetWallpaperActivity
ADDED from src/main/AndroidManifest.xml:262:9-268:20
	android:label
		ADDED from src/main/AndroidManifest.xml:263:19-64
	android:name
		ADDED from src/main/AndroidManifest.xml:262:19-59
activity#com.example.android.apis.app.ScreenOrientation
ADDED from src/main/AndroidManifest.xml:270:9-276:20
	android:label
		ADDED from src/main/AndroidManifest.xml:271:19-70
	android:name
		ADDED from src/main/AndroidManifest.xml:270:19-56
activity#com.example.android.apis.app.PresentationActivity
ADDED from src/main/AndroidManifest.xml:278:9-284:20
	android:label
		ADDED from src/main/AndroidManifest.xml:279:17-62
	android:name
		ADDED from src/main/AndroidManifest.xml:278:19-59
activity#com.example.android.apis.app.PresentationWithMediaRouterActivity
ADDED from src/main/AndroidManifest.xml:286:9-292:20
	android:label
		ADDED from src/main/AndroidManifest.xml:287:17-80
	android:name
		ADDED from src/main/AndroidManifest.xml:286:19-74
activity#com.example.android.apis.app.SecureWindowActivity
ADDED from src/main/AndroidManifest.xml:294:9-300:20
	android:label
		ADDED from src/main/AndroidManifest.xml:295:17-63
	android:name
		ADDED from src/main/AndroidManifest.xml:294:19-59
activity#com.example.android.apis.app.SecureDialogActivity
ADDED from src/main/AndroidManifest.xml:302:9-308:20
	android:label
		ADDED from src/main/AndroidManifest.xml:303:17-63
	android:name
		ADDED from src/main/AndroidManifest.xml:302:19-59
activity#com.example.android.apis.app.SecureSurfaceViewActivity
ADDED from src/main/AndroidManifest.xml:310:9-316:20
	android:label
		ADDED from src/main/AndroidManifest.xml:311:17-69
	android:name
		ADDED from src/main/AndroidManifest.xml:310:19-64
activity#com.example.android.apis.app.FragmentAlertDialog
ADDED from src/main/AndroidManifest.xml:320:9-327:20
	android:enabled
		ADDED from src/main/AndroidManifest.xml:322:17-57
	android:label
		ADDED from src/main/AndroidManifest.xml:321:17-62
	android:name
		ADDED from src/main/AndroidManifest.xml:320:19-58
activity#com.example.android.apis.app.FragmentArguments
ADDED from src/main/AndroidManifest.xml:329:9-336:20
	android:enabled
		ADDED from src/main/AndroidManifest.xml:331:17-57
	android:label
		ADDED from src/main/AndroidManifest.xml:330:17-59
	android:name
		ADDED from src/main/AndroidManifest.xml:329:19-56
activity#com.example.android.apis.app.FragmentCustomAnimations
ADDED from src/main/AndroidManifest.xml:338:9-345:20
	android:enabled
		ADDED from src/main/AndroidManifest.xml:340:17-60
	android:label
		ADDED from src/main/AndroidManifest.xml:339:17-67
	android:name
		ADDED from src/main/AndroidManifest.xml:338:19-63
activity#com.example.android.apis.app.FragmentHideShow
ADDED from src/main/AndroidManifest.xml:347:9-355:20
	android:enabled
		ADDED from src/main/AndroidManifest.xml:350:17-57
	android:label
		ADDED from src/main/AndroidManifest.xml:348:17-59
	android:windowSoftInputMode
		ADDED from src/main/AndroidManifest.xml:349:17-61
	android:name
		ADDED from src/main/AndroidManifest.xml:347:19-55
activity#com.example.android.apis.app.FragmentContextMenu
ADDED from src/main/AndroidManifest.xml:357:9-364:20
	android:enabled
		ADDED from src/main/AndroidManifest.xml:359:17-57
	android:label
		ADDED from src/main/AndroidManifest.xml:358:17-62
	android:name
		ADDED from src/main/AndroidManifest.xml:357:19-58
activity#com.example.android.apis.app.FragmentDialog
ADDED from src/main/AndroidManifest.xml:366:9-373:20
	android:enabled
		ADDED from src/main/AndroidManifest.xml:368:17-57
	android:label
		ADDED from src/main/AndroidManifest.xml:367:17-56
	android:name
		ADDED from src/main/AndroidManifest.xml:366:19-53
activity#com.example.android.apis.app.FragmentDialogOrActivity
ADDED from src/main/AndroidManifest.xml:375:9-382:20
	android:enabled
		ADDED from src/main/AndroidManifest.xml:377:17-57
	android:label
		ADDED from src/main/AndroidManifest.xml:376:17-68
	android:name
		ADDED from src/main/AndroidManifest.xml:375:19-63
activity#com.example.android.apis.app.FragmentLayout
ADDED from src/main/AndroidManifest.xml:384:9-391:20
	android:enabled
		ADDED from src/main/AndroidManifest.xml:386:17-57
	android:label
		ADDED from src/main/AndroidManifest.xml:385:17-56
	android:name
		ADDED from src/main/AndroidManifest.xml:384:19-53
activity#com.example.android.apis.app.FragmentLayout$DetailsActivity
ADDED from src/main/AndroidManifest.xml:393:9-394:60
	android:enabled
		ADDED from src/main/AndroidManifest.xml:394:17-57
	android:name
		ADDED from src/main/AndroidManifest.xml:393:19-69
activity#com.example.android.apis.app.FragmentListArray
ADDED from src/main/AndroidManifest.xml:396:9-403:20
	android:enabled
		ADDED from src/main/AndroidManifest.xml:398:17-57
	android:label
		ADDED from src/main/AndroidManifest.xml:397:17-60
	android:name
		ADDED from src/main/AndroidManifest.xml:396:19-56
activity#com.example.android.apis.app.FragmentMenu
ADDED from src/main/AndroidManifest.xml:405:9-412:20
	android:enabled
		ADDED from src/main/AndroidManifest.xml:407:17-57
	android:label
		ADDED from src/main/AndroidManifest.xml:406:17-54
	android:name
		ADDED from src/main/AndroidManifest.xml:405:19-51
activity#com.example.android.apis.app.FragmentNestingTabs
ADDED from src/main/AndroidManifest.xml:414:9-421:20
	android:enabled
		ADDED from src/main/AndroidManifest.xml:416:17-60
	android:label
		ADDED from src/main/AndroidManifest.xml:415:17-62
	android:name
		ADDED from src/main/AndroidManifest.xml:414:19-58
activity#com.example.android.apis.app.FragmentRetainInstance
ADDED from src/main/AndroidManifest.xml:423:9-430:20
	android:enabled
		ADDED from src/main/AndroidManifest.xml:425:17-57
	android:label
		ADDED from src/main/AndroidManifest.xml:424:17-65
	android:name
		ADDED from src/main/AndroidManifest.xml:423:19-61
activity#com.example.android.apis.app.FragmentReceiveResult
ADDED from src/main/AndroidManifest.xml:432:9-439:20
	android:enabled
		ADDED from src/main/AndroidManifest.xml:434:17-57
	android:label
		ADDED from src/main/AndroidManifest.xml:433:17-64
	android:name
		ADDED from src/main/AndroidManifest.xml:432:19-60
activity#com.example.android.apis.app.FragmentStack
ADDED from src/main/AndroidManifest.xml:441:9-448:20
	android:enabled
		ADDED from src/main/AndroidManifest.xml:443:17-57
	android:label
		ADDED from src/main/AndroidManifest.xml:442:17-55
	android:name
		ADDED from src/main/AndroidManifest.xml:441:19-52
activity#com.example.android.apis.app.FragmentTabs
ADDED from src/main/AndroidManifest.xml:450:9-457:20
	android:enabled
		ADDED from src/main/AndroidManifest.xml:452:17-57
	android:label
		ADDED from src/main/AndroidManifest.xml:451:17-54
	android:name
		ADDED from src/main/AndroidManifest.xml:450:19-51
activity#com.example.android.apis.app.LoaderCursor
ADDED from src/main/AndroidManifest.xml:461:9-468:20
	android:enabled
		ADDED from src/main/AndroidManifest.xml:463:17-57
	android:label
		ADDED from src/main/AndroidManifest.xml:462:17-54
	android:name
		ADDED from src/main/AndroidManifest.xml:461:19-51
activity#com.example.android.apis.app.LoaderCustom
ADDED from src/main/AndroidManifest.xml:470:9-477:20
	android:enabled
		ADDED from src/main/AndroidManifest.xml:472:17-57
	android:label
		ADDED from src/main/AndroidManifest.xml:471:17-54
	android:name
		ADDED from src/main/AndroidManifest.xml:470:19-51
activity#com.example.android.apis.app.LoaderThrottle
ADDED from src/main/AndroidManifest.xml:480:9-487:20
	android:enabled
		ADDED from src/main/AndroidManifest.xml:482:17-57
	android:label
		ADDED from src/main/AndroidManifest.xml:481:17-56
	android:name
		ADDED from src/main/AndroidManifest.xml:480:19-53
provider#com.example.android.apis.app.LoaderThrottle$SimpleProvider
ADDED from src/main/AndroidManifest.xml:488:9-490:62
	android:authorities
		ADDED from src/main/AndroidManifest.xml:489:19-84
	android:enabled
		ADDED from src/main/AndroidManifest.xml:490:19-59
	android:name
		ADDED from src/main/AndroidManifest.xml:488:19-68
activity#com.example.android.apis.app.LoaderRetained
ADDED from src/main/AndroidManifest.xml:493:9-500:20
	android:enabled
		ADDED from src/main/AndroidManifest.xml:495:17-57
	android:label
		ADDED from src/main/AndroidManifest.xml:494:17-56
	android:name
		ADDED from src/main/AndroidManifest.xml:493:19-53
activity#com.example.android.apis.app.Intents
ADDED from src/main/AndroidManifest.xml:504:9-509:20
	android:label
		ADDED from src/main/AndroidManifest.xml:504:47-87
	android:name
		ADDED from src/main/AndroidManifest.xml:504:19-46
activity#com.example.android.apis.app.IntentActivityFlags
ADDED from src/main/AndroidManifest.xml:511:9-517:20
	android:label
		ADDED from src/main/AndroidManifest.xml:512:17-71
	android:name
		ADDED from src/main/AndroidManifest.xml:511:19-58
service#com.example.android.apis.app.LocalService
ADDED from src/main/AndroidManifest.xml:521:9-81
	android:stopWithTask
		ADDED from src/main/AndroidManifest.xml:521:51-78
	android:name
		ADDED from src/main/AndroidManifest.xml:521:18-50
activity#com.example.android.apis.app.LocalServiceActivities$Controller
ADDED from src/main/AndroidManifest.xml:523:9-530:20
	android:label
		ADDED from src/main/AndroidManifest.xml:524:17-74
	android:launchMode
		ADDED from src/main/AndroidManifest.xml:525:17-47
	android:name
		ADDED from src/main/AndroidManifest.xml:523:19-72
activity#com.example.android.apis.app.LocalServiceActivities$Binding
ADDED from src/main/AndroidManifest.xml:532:9-538:20
	android:label
		ADDED from src/main/AndroidManifest.xml:533:17-71
	android:name
		ADDED from src/main/AndroidManifest.xml:532:19-69
service#com.example.android.apis.app.MessengerService
ADDED from src/main/AndroidManifest.xml:541:9-542:45
	android:process
		ADDED from src/main/AndroidManifest.xml:542:17-42
	android:name
		ADDED from src/main/AndroidManifest.xml:541:18-54
activity#com.example.android.apis.app.MessengerServiceActivities$Binding
ADDED from src/main/AndroidManifest.xml:545:9-551:20
	android:label
		ADDED from src/main/AndroidManifest.xml:546:17-75
	android:name
		ADDED from src/main/AndroidManifest.xml:545:19-73
service#com.example.android.apis.app.RemoteService
ADDED from src/main/AndroidManifest.xml:553:9-563:19
	android:process
		ADDED from src/main/AndroidManifest.xml:553:52-77
	android:name
		ADDED from src/main/AndroidManifest.xml:553:18-51
intent-filter#com.example.android.apis.app.IRemoteService+com.example.android.apis.app.ISecondary+com.example.android.apis.app.REMOTE_SERVICE
ADDED from src/main/AndroidManifest.xml:554:13-562:29
action#com.example.android.apis.app.IRemoteService
ADDED from src/main/AndroidManifest.xml:557:17-86
	android:name
		ADDED from src/main/AndroidManifest.xml:557:25-83
action#com.example.android.apis.app.ISecondary
ADDED from src/main/AndroidManifest.xml:558:17-82
	android:name
		ADDED from src/main/AndroidManifest.xml:558:25-79
action#com.example.android.apis.app.REMOTE_SERVICE
ADDED from src/main/AndroidManifest.xml:561:17-86
	android:name
		ADDED from src/main/AndroidManifest.xml:561:25-83
activity#com.example.android.apis.app.RemoteService$Controller
ADDED from src/main/AndroidManifest.xml:565:9-572:20
	android:label
		ADDED from src/main/AndroidManifest.xml:566:17-75
	android:launchMode
		ADDED from src/main/AndroidManifest.xml:567:17-47
	android:name
		ADDED from src/main/AndroidManifest.xml:565:19-63
activity#com.example.android.apis.app.RemoteService$Binding
ADDED from src/main/AndroidManifest.xml:574:9-580:20
	android:label
		ADDED from src/main/AndroidManifest.xml:575:17-72
	android:name
		ADDED from src/main/AndroidManifest.xml:574:19-60
activity#com.example.android.apis.app.RemoteService$BindingOptions
ADDED from src/main/AndroidManifest.xml:582:9-588:20
	android:label
		ADDED from src/main/AndroidManifest.xml:583:17-80
	android:name
		ADDED from src/main/AndroidManifest.xml:582:19-67
service#com.example.android.apis.app.ServiceStartArguments
ADDED from src/main/AndroidManifest.xml:590:9-62
	android:name
		ADDED from src/main/AndroidManifest.xml:590:18-59
activity#com.example.android.apis.app.ServiceStartArguments$Controller
ADDED from src/main/AndroidManifest.xml:592:9-599:20
	android:label
		ADDED from src/main/AndroidManifest.xml:593:17-84
	android:launchMode
		ADDED from src/main/AndroidManifest.xml:594:17-47
	android:name
		ADDED from src/main/AndroidManifest.xml:592:19-71
service#com.example.android.apis.app.ForegroundService
ADDED from src/main/AndroidManifest.xml:601:9-58
	android:name
		ADDED from src/main/AndroidManifest.xml:601:18-55
activity#com.example.android.apis.app.ForegroundService$Controller
ADDED from src/main/AndroidManifest.xml:603:9-610:20
	android:label
		ADDED from src/main/AndroidManifest.xml:604:17-79
	android:launchMode
		ADDED from src/main/AndroidManifest.xml:605:17-47
	android:name
		ADDED from src/main/AndroidManifest.xml:603:19-67
activity#com.example.android.apis.app.IsolatedService$Controller
ADDED from src/main/AndroidManifest.xml:612:9-620:20
	android:enabled
		ADDED from src/main/AndroidManifest.xml:615:17-57
	android:label
		ADDED from src/main/AndroidManifest.xml:613:17-77
	android:launchMode
		ADDED from src/main/AndroidManifest.xml:614:17-47
	android:name
		ADDED from src/main/AndroidManifest.xml:612:19-65
service#com.example.android.apis.app.IsolatedService
ADDED from src/main/AndroidManifest.xml:622:9-623:60
	android:enabled
		ADDED from src/main/AndroidManifest.xml:623:17-57
	android:isolatedProcess
		ADDED from src/main/AndroidManifest.xml:622:54-84
	android:name
		ADDED from src/main/AndroidManifest.xml:622:18-53
service#com.example.android.apis.app.IsolatedService2
ADDED from src/main/AndroidManifest.xml:624:9-625:60
	android:enabled
		ADDED from src/main/AndroidManifest.xml:625:17-57
	android:isolatedProcess
		ADDED from src/main/AndroidManifest.xml:624:55-85
	android:name
		ADDED from src/main/AndroidManifest.xml:624:18-54
receiver#com.example.android.apis.app.OneShotAlarm
ADDED from src/main/AndroidManifest.xml:629:9-80
	android:process
		ADDED from src/main/AndroidManifest.xml:629:52-77
	android:name
		ADDED from src/main/AndroidManifest.xml:629:19-51
receiver#com.example.android.apis.app.RepeatingAlarm
ADDED from src/main/AndroidManifest.xml:631:9-82
	android:process
		ADDED from src/main/AndroidManifest.xml:631:54-79
	android:name
		ADDED from src/main/AndroidManifest.xml:631:19-53
activity#com.example.android.apis.app.AlarmController
ADDED from src/main/AndroidManifest.xml:633:9-638:20
	android:label
		ADDED from src/main/AndroidManifest.xml:633:55-104
	android:name
		ADDED from src/main/AndroidManifest.xml:633:19-54
service#com.example.android.apis.app.AlarmService_Service
ADDED from src/main/AndroidManifest.xml:640:9-87
	android:process
		ADDED from src/main/AndroidManifest.xml:640:59-84
	android:name
		ADDED from src/main/AndroidManifest.xml:640:18-58
activity#com.example.android.apis.app.AlarmService
ADDED from src/main/AndroidManifest.xml:642:9-647:20
	android:label
		ADDED from src/main/AndroidManifest.xml:642:52-98
	android:name
		ADDED from src/main/AndroidManifest.xml:642:19-51
receiver#com.example.android.apis.app.DoNothing
ADDED from src/main/AndroidManifest.xml:651:9-652:68
	android:process
		ADDED from src/main/AndroidManifest.xml:652:17-41
	android:exported
		ADDED from src/main/AndroidManifest.xml:652:42-65
	android:name
		ADDED from src/main/AndroidManifest.xml:651:19-48
activity#com.example.android.apis.accessibility.ClockBackActivity
ADDED from src/main/AndroidManifest.xml:658:9-664:20
	android:label
		ADDED from src/main/AndroidManifest.xml:659:13-58
	android:name
		ADDED from src/main/AndroidManifest.xml:658:19-66
service#com.example.android.apis.accessibility.ClockBackService
ADDED from src/main/AndroidManifest.xml:666:9-672:19
	android:label
		ADDED from src/main/AndroidManifest.xml:667:13-64
	android:permission
		ADDED from src/main/AndroidManifest.xml:668:13-79
	android:name
		ADDED from src/main/AndroidManifest.xml:666:18-64
intent-filter#android.accessibilityservice.AccessibilityService
ADDED from src/main/AndroidManifest.xml:669:13-671:29
action#android.accessibilityservice.AccessibilityService
ADDED from src/main/AndroidManifest.xml:670:17-92
	android:name
		ADDED from src/main/AndroidManifest.xml:670:25-89
activity#com.example.android.apis.accessibility.TaskListActivity
ADDED from src/main/AndroidManifest.xml:674:9-681:20
	android:enabled
		ADDED from src/main/AndroidManifest.xml:676:19-66
	android:label
		ADDED from src/main/AndroidManifest.xml:675:19-69
	android:name
		ADDED from src/main/AndroidManifest.xml:674:19-65
service#com.example.android.apis.accessibility.TaskBackService
ADDED from src/main/AndroidManifest.xml:683:9-693:19
	android:enabled
		ADDED from src/main/AndroidManifest.xml:685:18-65
	android:label
		ADDED from src/main/AndroidManifest.xml:684:18-74
	android:permission
		ADDED from src/main/AndroidManifest.xml:686:18-84
	android:name
		ADDED from src/main/AndroidManifest.xml:683:18-63
meta-data#android.accessibilityservice
ADDED from src/main/AndroidManifest.xml:690:13-692:58
	android:resource
		ADDED from src/main/AndroidManifest.xml:692:17-55
	android:name
		ADDED from src/main/AndroidManifest.xml:691:17-60
activity#com.example.android.apis.accessibility.CustomViewAccessibilityActivity
ADDED from src/main/AndroidManifest.xml:695:9-702:20
	android:enabled
		ADDED from src/main/AndroidManifest.xml:697:19-66
	android:label
		ADDED from src/main/AndroidManifest.xml:696:19-68
	android:name
		ADDED from src/main/AndroidManifest.xml:695:19-80
activity#com.example.android.apis.app.LocalSample
ADDED from src/main/AndroidManifest.xml:706:9-711:20
	android:label
		ADDED from src/main/AndroidManifest.xml:706:51-96
	android:name
		ADDED from src/main/AndroidManifest.xml:706:19-50
intent-filter#android.intent.action.MAIN
ADDED from src/main/AndroidManifest.xml:707:13-710:29